<?xml version="1.0" encoding="UTF-8"?>
<!-- Generated by org.testng.reporters.JUnitReportReporter -->
<testsuite skipped="1" hostname="LAPTOP-V4UF6TT6" name="com.testcases.LoginTestcases" tests="2" failures="0" timestamp="30 Mar 2020 08:39:07 GMT" time="0.002" errors="1">
  <testcase name="startUp" time="0.000" classname="com.testcases.LoginTestcases">
    <error type="java.io.FileNotFoundException" message="https:\opensource-demo.orangehrmlive.com\index.php\auth\validateCredentials (The filename, directory name, or volume label syntax is incorrect)">
      <![CDATA[java.io.FileNotFoundException: https:\opensource-demo.orangehrmlive.com\index.php\auth\validateCredentials (The filename, directory name, or volume label syntax is incorrect)
	at java.io.FileInputStream.open0(Native Method)
	at java.io.FileInputStream.open(Unknown Source)
	at java.io.FileInputStream.<init>(Unknown Source)
	at java.io.FileInputStream.<init>(Unknown Source)
	at com.baseclass.Library.launchApplication(Library.java:18)
	at com.testcases.LoginTestcases.startUp(LoginTestcases.java:18)
	at sun.reflect.NativeMethodAccessorImpl.invoke0(Native Method)
	at sun.reflect.NativeMethodAccessorImpl.invoke(Unknown Source)
	at sun.reflect.DelegatingMethodAccessorImpl.invoke(Unknown Source)
	at java.lang.reflect.Method.invoke(Unknown Source)
	at org.testng.internal.MethodInvocationHelper.invokeMethod(MethodInvocationHelper.java:100)
	at org.testng.internal.Invoker.invokeConfigurationMethod(Invoker.java:515)
	at org.testng.internal.Invoker.invokeConfigurations(Invoker.java:216)
	at org.testng.internal.Invoker.invokeConfigurations(Invoker.java:143)
	at org.testng.internal.TestMethodWorker.invokeBeforeClassMethods(TestMethodWorker.java:169)
	at org.testng.internal.TestMethodWorker.run(TestMethodWorker.java:108)
	at java.util.concurrent.ThreadPoolExecutor.runWorker(Unknown Source)
	at java.util.concurrent.ThreadPoolExecutor$Worker.run(Unknown Source)
	at java.lang.Thread.run(Unknown Source)
]]>
    </error>
  </testcase> <!-- startUp -->
  <testcase name="login" time="0.002" classname="com.testcases.LoginTestcases">
    <skipped/>
  </testcase> <!-- login -->
</testsuite> <!-- com.testcases.LoginTestcases -->
